<?xml version="1.0" encoding="UTF-8"?>
<testng-results skipped="0" failed="0" ignored="0" total="3" passed="3">
  <reporter-output>
  </reporter-output>
  <suite name="Suite" duration-ms="22514" started-at="2021-12-09T12:16:35Z" finished-at="2021-12-09T12:16:57Z">
    <groups>
    </groups>
    <test name="TestPom" duration-ms="22514" started-at="2021-12-09T12:16:35Z" finished-at="2021-12-09T12:16:57Z">
      <class name="Sample_Maven_Project_ELF25.SelectTest">
        <test-method status="PASS" signature="Tc_01(int)[pri:0, instance:Sample_Maven_Project_ELF25.SelectTest@7a52f2a2]" name="Tc_01" duration-ms="7661" started-at="2021-12-09T17:46:50Z" data-provider="TestData" finished-at="2021-12-09T17:46:57Z">
          <params>
            <param index="0">
              <value>
                <![CDATA[1]]>
              </value>
            </param>
          </params>
          <reporter-output>
          </reporter-output>
        </test-method> <!-- Tc_01 -->
      </class> <!-- Sample_Maven_Project_ELF25.SelectTest -->
      <class name="Sample_Maven_Project_ELF25.RegisterTest">
        <test-method status="PASS" signature="Tc_01(java.lang.String, java.lang.String, java.lang.String, java.lang.String)[pri:0, instance:Sample_Maven_Project_ELF25.RegisterTest@d83da2e]" name="Tc_01" duration-ms="7727" started-at="2021-12-09T17:46:35Z" data-provider="TestData" finished-at="2021-12-09T17:46:43Z">
          <params>
            <param index="0">
              <value>
                <![CDATA[Megha]]>
              </value>
            </param>
            <param index="1">
              <value>
                <![CDATA[Paldhar]]>
              </value>
            </param>
            <param index="2">
              <value>
                <![CDATA[megha1997@gmail.com]]>
              </value>
            </param>
            <param index="3">
              <value>
                <![CDATA[123456]]>
              </value>
            </param>
          </params>
          <reporter-output>
          </reporter-output>
        </test-method> <!-- Tc_01 -->
      </class> <!-- Sample_Maven_Project_ELF25.RegisterTest -->
      <class name="Sample_Maven_Project_ELF25.LoginTest">
        <test-method status="PASS" signature="TC01(java.lang.String, java.lang.String)[pri:0, instance:Sample_Maven_Project_ELF25.LoginTest@69930714]" name="TC01" duration-ms="7071" started-at="2021-12-09T17:46:43Z" data-provider="TestData" finished-at="2021-12-09T17:46:50Z">
          <params>
            <param index="0">
              <value>
                <![CDATA[megha1997@gmail.com]]>
              </value>
            </param>
            <param index="1">
              <value>
                <![CDATA[123456]]>
              </value>
            </param>
          </params>
          <reporter-output>
          </reporter-output>
        </test-method> <!-- TC01 -->
      </class> <!-- Sample_Maven_Project_ELF25.LoginTest -->
    </test> <!-- TestPom -->
  </suite> <!-- Suite -->
</testng-results>
