<?xml version="1.0" encoding="UTF-8"?>
<!-- Generated by org.testng.reporters.JUnitXMLReporter -->
<testsuite hostname="DESKTOP-L3CQLB4" ignored="0" name="TestPom" tests="3" failures="0" timestamp="09 Dec 2021 12:16:57 GMT" time="22.514" errors="0">
  <testcase name="Tc_01" time="7.727" classname="Sample_Maven_Project_ELF25.RegisterTest"/>
  <testcase name="TC01" time="7.071" classname="Sample_Maven_Project_ELF25.LoginTest"/>
  <testcase name="Tc_01" time="7.661" classname="Sample_Maven_Project_ELF25.SelectTest"/>
</testsuite> <!-- TestPom -->
