<?xml version="1.0" encoding="UTF-8"?>
<testng-results skipped="0" failed="0" ignored="0" total="4" passed="4">
  <reporter-output>
  </reporter-output>
  <suite name="Surefire suite" duration-ms="31" started-at="2021-12-09T09:36:40Z" finished-at="2021-12-09T09:36:40Z">
    <groups>
    </groups>
    <test name="Surefire test" duration-ms="31" started-at="2021-12-09T09:36:40Z" finished-at="2021-12-09T09:36:40Z">
      <class name="Test.Sample_Maven_Project01.TC01Test">
        <test-method status="PASS" signature="amazonfashion()[pri:0, instance:Test.Sample_Maven_Project01.TC01Test@d041cf]" name="amazonfashion" duration-ms="10" started-at="2021-12-09T15:06:40Z" finished-at="2021-12-09T15:06:40Z">
          <reporter-output>
          </reporter-output>
        </test-method> <!-- amazonfashion -->
        <test-method status="PASS" signature="flipcartfashion()[pri:0, instance:Test.Sample_Maven_Project01.TC01Test@d041cf]" name="flipcartfashion" duration-ms="0" started-at="2021-12-09T15:06:40Z" finished-at="2021-12-09T15:06:40Z">
          <reporter-output>
          </reporter-output>
        </test-method> <!-- flipcartfashion -->
        <test-method status="PASS" signature="meeshofashion()[pri:0, instance:Test.Sample_Maven_Project01.TC01Test@d041cf]" name="meeshofashion" duration-ms="1" started-at="2021-12-09T15:06:40Z" finished-at="2021-12-09T15:06:40Z">
          <reporter-output>
          </reporter-output>
        </test-method> <!-- meeshofashion -->
        <test-method status="PASS" signature="myntrafashion()[pri:0, instance:Test.Sample_Maven_Project01.TC01Test@d041cf]" name="myntrafashion" duration-ms="0" started-at="2021-12-09T15:06:40Z" finished-at="2021-12-09T15:06:40Z">
          <reporter-output>
          </reporter-output>
        </test-method> <!-- myntrafashion -->
      </class> <!-- Test.Sample_Maven_Project01.TC01Test -->
    </test> <!-- Surefire test -->
  </suite> <!-- Surefire suite -->
</testng-results>
