<?xml version="1.0" encoding="UTF-8"?>
<!-- Generated by org.testng.reporters.JUnitXMLReporter -->
<testsuite hostname="DESKTOP-L3CQLB4" ignored="0" name="Surefire test" tests="4" failures="0" timestamp="09 Dec 2021 09:36:40 GMT" time="0.031" errors="0">
  <testcase name="amazonfashion" time="0.01" classname="Test.Sample_Maven_Project01.TC01Test"/>
  <testcase name="flipcartfashion" time="0.0" classname="Test.Sample_Maven_Project01.TC01Test"/>
  <testcase name="meeshofashion" time="0.001" classname="Test.Sample_Maven_Project01.TC01Test"/>
  <testcase name="myntrafashion" time="0.0" classname="Test.Sample_Maven_Project01.TC01Test"/>
</testsuite> <!-- Surefire test -->
