<?xml version="1.0" encoding="UTF-8"?>
<testng-results skipped="0" failed="0" ignored="0" total="1" passed="1">
  <reporter-output>
  </reporter-output>
  <suite name="Surefire suite" duration-ms="34" started-at="2021-12-09T09:36:40Z" finished-at="2021-12-09T09:36:40Z">
    <groups>
    </groups>
    <test name="Surefire test" duration-ms="34" started-at="2021-12-09T09:36:40Z" finished-at="2021-12-09T09:36:40Z">
      <class name="Test.Sample_Maven_Project01.AppTest">
        <test-method status="PASS" signature="shouldAnswerWithTrue()" name="shouldAnswerWithTrue" duration-ms="4" started-at="2021-12-09T15:06:40Z" finished-at="2021-12-09T15:06:40Z">
          <reporter-output>
          </reporter-output>
        </test-method> <!-- shouldAnswerWithTrue -->
      </class> <!-- Test.Sample_Maven_Project01.AppTest -->
    </test> <!-- Surefire test -->
  </suite> <!-- Surefire suite -->
</testng-results>
